This file contains any messages produced by compilers while
running configure, to aid debugging if configure makes a mistake.

It was created by configure, which was
generated by GNU Autoconf 2.59.  Invocation command line was

  $ ./configure --with-postgresql

## --------- ##
## Platform. ##
## --------- ##

hostname = fe02
uname -m = i686
uname -r = 2.6.17-1.2142_FC4smp
uname -s = Linux
uname -v = #1 SMP Tue Jul 11 22:57:02 EDT 2006

/usr/bin/uname -p = unknown
/bin/uname -X     = unknown

/bin/arch              = i686
/usr/bin/arch -k       = unknown
/usr/convex/getsysinfo = unknown
hostinfo               = unknown
/bin/machine           = unknown
/usr/bin/oslevel       = unknown
/bin/universe          = unknown

PATH: /usr/kerberos/bin
PATH: /usr/local/bin
PATH: /bin
PATH: /usr/bin
PATH: /usr/X11R6/bin
PATH: /usr/local/pgsql/bin
PATH: /usr/NX/bin
PATH: /home/ralbright/bin
PATH: /usr/NX/bin


## ----------- ##
## Core tests. ##
## ----------- ##

configure:1548: checking for a BSD-compatible install
configure:1603: result: /usr/bin/install -c
configure:1614: checking whether build environment is sane
configure:1657: result: yes
configure:1722: checking for gawk
configure:1738: found /bin/gawk
configure:1748: result: gawk
configure:1758: checking whether make sets $(MAKE)
configure:1778: result: yes
configure:2027: checking for g++
configure:2043: found /usr/bin/g++
configure:2053: result: g++
configure:2069: checking for C++ compiler version
configure:2072: g++ --version </dev/null >&5
g++ (GCC) 4.0.2 20051125 (Red Hat 4.0.2-8)
Copyright (C) 2005 Free Software Foundation, Inc.
This is free software; see the source for copying conditions.  There is NO
warranty; not even for MERCHANTABILITY or FITNESS FOR A PARTICULAR PURPOSE.

configure:2075: $? = 0
configure:2077: g++ -v </dev/null >&5
Using built-in specs.
Target: i386-redhat-linux
Configured with: ../configure --prefix=/usr --mandir=/usr/share/man --infodir=/usr/share/info --enable-shared --enable-threads=posix --enable-checking=release --with-system-zlib --enable-__cxa_atexit --disable-libunwind-exceptions --enable-libgcj-multifile --enable-languages=c,c++,objc,java,f95,ada --enable-java-awt=gtk --with-java-home=/usr/lib/jvm/java-1.4.2-gcj-1.4.2.0/jre --host=i386-redhat-linux
Thread model: posix
gcc version 4.0.2 20051125 (Red Hat 4.0.2-8)
configure:2080: $? = 0
configure:2082: g++ -V </dev/null >&5
g++: '-V' option must have argument
configure:2085: $? = 1
configure:2108: checking for C++ compiler default output file name
configure:2111: g++    conftest.cc  >&5
configure:2114: $? = 0
configure:2160: result: a.out
configure:2165: checking whether the C++ compiler works
configure:2171: ./a.out
configure:2174: $? = 0
configure:2191: result: yes
configure:2198: checking whether we are cross compiling
configure:2200: result: no
configure:2203: checking for suffix of executables
configure:2205: g++ -o conftest    conftest.cc  >&5
configure:2208: $? = 0
configure:2233: result: 
configure:2239: checking for suffix of object files
configure:2260: g++ -c   conftest.cc >&5
configure:2263: $? = 0
configure:2285: result: o
configure:2289: checking whether we are using the GNU C++ compiler
configure:2313: g++ -c   conftest.cc >&5
configure:2319: $? = 0
configure:2323: test -z 
			 || test ! -s conftest.err
configure:2326: $? = 0
configure:2329: test -s conftest.o
configure:2332: $? = 0
configure:2345: result: yes
configure:2351: checking whether g++ accepts -g
configure:2372: g++ -c -g  conftest.cc >&5
configure:2378: $? = 0
configure:2382: test -z 
			 || test ! -s conftest.err
configure:2385: $? = 0
configure:2388: test -s conftest.o
configure:2391: $? = 0
configure:2402: result: yes
configure:2444: g++ -c -g -O2  conftest.cc >&5
configure:2450: $? = 0
configure:2454: test -z 
			 || test ! -s conftest.err
configure:2457: $? = 0
configure:2460: test -s conftest.o
configure:2463: $? = 0
configure:2489: g++ -c -g -O2  conftest.cc >&5
conftest.cc: In function 'int main()':
conftest.cc:15: error: 'exit' was not declared in this scope
configure:2495: $? = 1
configure: failed program was:
| /* confdefs.h.  */
| 
| #define PACKAGE_NAME ""
| #define PACKAGE_TARNAME ""
| #define PACKAGE_VERSION ""
| #define PACKAGE_STRING ""
| #define PACKAGE_BUGREPORT ""
| #define PACKAGE "quickfix"
| #define VERSION "1.12.4"
| /* end confdefs.h.  */
| 
| int
| main ()
| {
| exit (42);
|   ;
|   return 0;
| }
configure:2444: g++ -c -g -O2  conftest.cc >&5
configure:2450: $? = 0
configure:2454: test -z 
			 || test ! -s conftest.err
configure:2457: $? = 0
configure:2460: test -s conftest.o
configure:2463: $? = 0
configure:2489: g++ -c -g -O2  conftest.cc >&5
configure:2495: $? = 0
configure:2499: test -z 
			 || test ! -s conftest.err
configure:2502: $? = 0
configure:2505: test -s conftest.o
configure:2508: $? = 0
configure:2542: checking for style of include used by make
configure:2570: result: GNU
configure:2598: checking dependency style of g++
configure:2688: result: gcc3
configure:2751: checking for gcc
configure:2767: found /usr/bin/gcc
configure:2777: result: gcc
configure:3021: checking for C compiler version
configure:3024: gcc --version </dev/null >&5
gcc (GCC) 4.0.2 20051125 (Red Hat 4.0.2-8)
Copyright (C) 2005 Free Software Foundation, Inc.
This is free software; see the source for copying conditions.  There is NO
warranty; not even for MERCHANTABILITY or FITNESS FOR A PARTICULAR PURPOSE.

configure:3027: $? = 0
configure:3029: gcc -v </dev/null >&5
Using built-in specs.
Target: i386-redhat-linux
Configured with: ../configure --prefix=/usr --mandir=/usr/share/man --infodir=/usr/share/info --enable-shared --enable-threads=posix --enable-checking=release --with-system-zlib --enable-__cxa_atexit --disable-libunwind-exceptions --enable-libgcj-multifile --enable-languages=c,c++,objc,java,f95,ada --enable-java-awt=gtk --with-java-home=/usr/lib/jvm/java-1.4.2-gcj-1.4.2.0/jre --host=i386-redhat-linux
Thread model: posix
gcc version 4.0.2 20051125 (Red Hat 4.0.2-8)
configure:3032: $? = 0
configure:3034: gcc -V </dev/null >&5
gcc: '-V' option must have argument
configure:3037: $? = 1
configure:3040: checking whether we are using the GNU C compiler
configure:3064: gcc -c   conftest.c >&5
configure:3070: $? = 0
configure:3074: test -z 
			 || test ! -s conftest.err
configure:3077: $? = 0
configure:3080: test -s conftest.o
configure:3083: $? = 0
configure:3096: result: yes
configure:3102: checking whether gcc accepts -g
configure:3123: gcc -c -g  conftest.c >&5
configure:3129: $? = 0
configure:3133: test -z 
			 || test ! -s conftest.err
configure:3136: $? = 0
configure:3139: test -s conftest.o
configure:3142: $? = 0
configure:3153: result: yes
configure:3170: checking for gcc option to accept ANSI C
configure:3240: gcc  -c -g -O2  conftest.c >&5
configure:3246: $? = 0
configure:3250: test -z 
			 || test ! -s conftest.err
configure:3253: $? = 0
configure:3256: test -s conftest.o
configure:3259: $? = 0
configure:3277: result: none needed
configure:3295: gcc -c -g -O2  conftest.c >&5
conftest.c:2: error: syntax error before 'me'
configure:3301: $? = 1
configure: failed program was:
| #ifndef __cplusplus
|   choke me
| #endif
configure:3436: checking dependency style of gcc
configure:3526: result: gcc3
configure:3625: checking build system type
configure:3643: result: i686-redhat-linux-gnu
configure:3651: checking host system type
configure:3665: result: i686-redhat-linux-gnu
configure:3673: checking for a sed that does not truncate output
configure:3727: result: /bin/sed
configure:3730: checking for egrep
configure:3740: result: grep -E
configure:3756: checking for ld used by gcc
configure:3823: result: /usr/bin/ld
configure:3832: checking if the linker (/usr/bin/ld) is GNU ld
configure:3847: result: yes
configure:3852: checking for /usr/bin/ld option to reload object files
configure:3859: result: -r
configure:3877: checking for BSD-compatible nm
configure:3926: result: /usr/bin/nm -B
configure:3930: checking whether ln -s works
configure:3934: result: yes
configure:3941: checking how to recognise dependent libraries
configure:4117: result: pass_all
configure:4596: checking how to run the C preprocessor
configure:4631: gcc -E  conftest.c
configure:4637: $? = 0
configure:4669: gcc -E  conftest.c
conftest.c:14:28: error: ac_nonexistent.h: No such file or directory
configure:4675: $? = 1
configure: failed program was:
| /* confdefs.h.  */
| 
| #define PACKAGE_NAME ""
| #define PACKAGE_TARNAME ""
| #define PACKAGE_VERSION ""
| #define PACKAGE_STRING ""
| #define PACKAGE_BUGREPORT ""
| #define PACKAGE "quickfix"
| #define VERSION "1.12.4"
| #ifdef __cplusplus
| extern "C" void std::exit (int) throw (); using std::exit;
| #endif
| /* end confdefs.h.  */
| #include <ac_nonexistent.h>
configure:4714: result: gcc -E
configure:4738: gcc -E  conftest.c
configure:4744: $? = 0
configure:4776: gcc -E  conftest.c
conftest.c:14:28: error: ac_nonexistent.h: No such file or directory
configure:4782: $? = 1
configure: failed program was:
| /* confdefs.h.  */
| 
| #define PACKAGE_NAME ""
| #define PACKAGE_TARNAME ""
| #define PACKAGE_VERSION ""
| #define PACKAGE_STRING ""
| #define PACKAGE_BUGREPORT ""
| #define PACKAGE "quickfix"
| #define VERSION "1.12.4"
| #ifdef __cplusplus
| extern "C" void std::exit (int) throw (); using std::exit;
| #endif
| /* end confdefs.h.  */
| #include <ac_nonexistent.h>
configure:4826: checking for ANSI C header files
configure:4851: gcc -c -g -O2  conftest.c >&5
configure:4857: $? = 0
configure:4861: test -z 
			 || test ! -s conftest.err
configure:4864: $? = 0
configure:4867: test -s conftest.o
configure:4870: $? = 0
configure:4959: gcc -o conftest -g -O2   conftest.c  >&5
conftest.c: In function 'main':
conftest.c:31: warning: incompatible implicit declaration of built-in function 'exit'
configure:4962: $? = 0
configure:4964: ./conftest
configure:4967: $? = 0
configure:4982: result: yes
configure:5006: checking for sys/types.h
configure:5022: gcc -c -g -O2  conftest.c >&5
configure:5028: $? = 0
configure:5032: test -z 
			 || test ! -s conftest.err
configure:5035: $? = 0
configure:5038: test -s conftest.o
configure:5041: $? = 0
configure:5052: result: yes
configure:5006: checking for sys/stat.h
configure:5022: gcc -c -g -O2  conftest.c >&5
configure:5028: $? = 0
configure:5032: test -z 
			 || test ! -s conftest.err
configure:5035: $? = 0
configure:5038: test -s conftest.o
configure:5041: $? = 0
configure:5052: result: yes
configure:5006: checking for stdlib.h
configure:5022: gcc -c -g -O2  conftest.c >&5
configure:5028: $? = 0
configure:5032: test -z 
			 || test ! -s conftest.err
configure:5035: $? = 0
configure:5038: test -s conftest.o
configure:5041: $? = 0
configure:5052: result: yes
configure:5006: checking for string.h
configure:5022: gcc -c -g -O2  conftest.c >&5
configure:5028: $? = 0
configure:5032: test -z 
			 || test ! -s conftest.err
configure:5035: $? = 0
configure:5038: test -s conftest.o
configure:5041: $? = 0
configure:5052: result: yes
configure:5006: checking for memory.h
configure:5022: gcc -c -g -O2  conftest.c >&5
configure:5028: $? = 0
configure:5032: test -z 
			 || test ! -s conftest.err
configure:5035: $? = 0
configure:5038: test -s conftest.o
configure:5041: $? = 0
configure:5052: result: yes
configure:5006: checking for strings.h
configure:5022: gcc -c -g -O2  conftest.c >&5
configure:5028: $? = 0
configure:5032: test -z 
			 || test ! -s conftest.err
configure:5035: $? = 0
configure:5038: test -s conftest.o
configure:5041: $? = 0
configure:5052: result: yes
configure:5006: checking for inttypes.h
configure:5022: gcc -c -g -O2  conftest.c >&5
configure:5028: $? = 0
configure:5032: test -z 
			 || test ! -s conftest.err
configure:5035: $? = 0
configure:5038: test -s conftest.o
configure:5041: $? = 0
configure:5052: result: yes
configure:5006: checking for stdint.h
configure:5022: gcc -c -g -O2  conftest.c >&5
configure:5028: $? = 0
configure:5032: test -z 
			 || test ! -s conftest.err
configure:5035: $? = 0
configure:5038: test -s conftest.o
configure:5041: $? = 0
configure:5052: result: yes
configure:5006: checking for unistd.h
configure:5022: gcc -c -g -O2  conftest.c >&5
configure:5028: $? = 0
configure:5032: test -z 
			 || test ! -s conftest.err
configure:5035: $? = 0
configure:5038: test -s conftest.o
configure:5041: $? = 0
configure:5052: result: yes
configure:5078: checking dlfcn.h usability
configure:5090: gcc -c -g -O2  conftest.c >&5
configure:5096: $? = 0
configure:5100: test -z 
			 || test ! -s conftest.err
configure:5103: $? = 0
configure:5106: test -s conftest.o
configure:5109: $? = 0
configure:5119: result: yes
configure:5123: checking dlfcn.h presence
configure:5133: gcc -E  conftest.c
configure:5139: $? = 0
configure:5159: result: yes
configure:5194: checking for dlfcn.h
configure:5201: result: yes
configure:5224: checking how to run the C++ preprocessor
configure:5255: g++ -E  conftest.cc
configure:5261: $? = 0
configure:5293: g++ -E  conftest.cc
conftest.cc:25:28: error: ac_nonexistent.h: No such file or directory
configure:5299: $? = 1
configure: failed program was:
| /* confdefs.h.  */
| 
| #define PACKAGE_NAME ""
| #define PACKAGE_TARNAME ""
| #define PACKAGE_VERSION ""
| #define PACKAGE_STRING ""
| #define PACKAGE_BUGREPORT ""
| #define PACKAGE "quickfix"
| #define VERSION "1.12.4"
| #ifdef __cplusplus
| extern "C" void std::exit (int) throw (); using std::exit;
| #endif
| #define STDC_HEADERS 1
| #define HAVE_SYS_TYPES_H 1
| #define HAVE_SYS_STAT_H 1
| #define HAVE_STDLIB_H 1
| #define HAVE_STRING_H 1
| #define HAVE_MEMORY_H 1
| #define HAVE_STRINGS_H 1
| #define HAVE_INTTYPES_H 1
| #define HAVE_STDINT_H 1
| #define HAVE_UNISTD_H 1
| #define HAVE_DLFCN_H 1
| /* end confdefs.h.  */
| #include <ac_nonexistent.h>
configure:5338: result: g++ -E
configure:5362: g++ -E  conftest.cc
configure:5368: $? = 0
configure:5400: g++ -E  conftest.cc
conftest.cc:25:28: error: ac_nonexistent.h: No such file or directory
configure:5406: $? = 1
configure: failed program was:
| /* confdefs.h.  */
| 
| #define PACKAGE_NAME ""
| #define PACKAGE_TARNAME ""
| #define PACKAGE_VERSION ""
| #define PACKAGE_STRING ""
| #define PACKAGE_BUGREPORT ""
| #define PACKAGE "quickfix"
| #define VERSION "1.12.4"
| #ifdef __cplusplus
| extern "C" void std::exit (int) throw (); using std::exit;
| #endif
| #define STDC_HEADERS 1
| #define HAVE_SYS_TYPES_H 1
| #define HAVE_SYS_STAT_H 1
| #define HAVE_STDLIB_H 1
| #define HAVE_STRING_H 1
| #define HAVE_MEMORY_H 1
| #define HAVE_STRINGS_H 1
| #define HAVE_INTTYPES_H 1
| #define HAVE_STDINT_H 1
| #define HAVE_UNISTD_H 1
| #define HAVE_DLFCN_H 1
| /* end confdefs.h.  */
| #include <ac_nonexistent.h>
configure:5503: checking for g77
configure:5519: found /usr/bin/g77
configure:5529: result: g77
configure:5544: checking for Fortran 77 compiler version
configure:5547: g77 --version </dev/null >&5
GNU Fortran (GCC 3.2.3 20030502 (Red Hat Linux 3.2.3-47.fc4)) 3.2.3 20030502 (Red Hat Linux 3.2.3-13)
Copyright (C) 2002 Free Software Foundation, Inc.

GNU Fortran comes with NO WARRANTY, to the extent permitted by law.
You may redistribute copies of GNU Fortran
under the terms of the GNU General Public License.
For more information about these matters, see the file named COPYING
or type the command `info -f g77 Copying'.
configure:5550: $? = 0
configure:5552: g77 -v </dev/null >&5
Reading specs from /usr/lib/gcc-lib/i386-redhat-linux/3.2.3/specs
Configured with: ../configure --prefix=/usr --mandir=/usr/share/man --infodir=/usr/share/info --enable-shared --enable-threads=posix --disable-checking --with-system-zlib --enable-__cxa_atexit --enable-languages=c,c++,f77 --disable-libgcj --host=i386-redhat-linux
Thread model: posix
gcc version 3.2.3 20030502 (Red Hat Linux 3.2.3-47.fc4)
configure:5555: $? = 0
configure:5557: g77 -V </dev/null >&5
g77: argument to `-V' missing
configure:5560: $? = 1
configure:5568: checking whether we are using the GNU Fortran 77 compiler
configure:5582: g77 -c  conftest.F >&5
configure:5588: $? = 0
configure:5592: test -z 
			 || test ! -s conftest.err
configure:5595: $? = 0
configure:5598: test -s conftest.o
configure:5601: $? = 0
configure:5614: result: yes
configure:5620: checking whether g77 accepts -g
configure:5632: g77 -c -g conftest.f >&5
configure:5638: $? = 0
configure:5642: test -z 
			 || test ! -s conftest.err
configure:5645: $? = 0
configure:5648: test -s conftest.o
configure:5651: $? = 0
configure:5663: result: yes
configure:5693: checking the maximum length of command line arguments
configure:5802: result: 32768
configure:5813: checking command to parse /usr/bin/nm -B output from gcc object
configure:5918: gcc -c -g -O2  conftest.c >&5
configure:5921: $? = 0
configure:5925: /usr/bin/nm -B conftest.o \| sed -n -e 's/^.*[ 	]\([ABCDGIRSTW][ABCDGIRSTW]*\)[ 	][ 	]*\([_A-Za-z][_A-Za-z0-9]*\)$/\1 \2 \2/p' \> conftest.nm
configure:5928: $? = 0
configure:5980: gcc -o conftest -g -O2   conftest.c conftstm.o >&5
configure:5983: $? = 0
configure:6021: result: ok
configure:6025: checking for objdir
configure:6040: result: .libs
configure:6130: checking for ar
configure:6146: found /usr/bin/ar
configure:6157: result: ar
configure:6210: checking for ranlib
configure:6226: found /usr/bin/ranlib
configure:6237: result: ranlib
configure:6290: checking for strip
configure:6306: found /usr/bin/strip
configure:6317: result: strip
configure:6589: checking if gcc supports -fno-rtti -fno-exceptions
configure:6607: gcc -c -g -O2  -fno-rtti -fno-exceptions conftest.c >&5
cc1: warning: command line option "-fno-rtti" is valid for C++/ObjC++ but not for C
configure:6611: $? = 0
configure:6624: result: no
configure:6639: checking for gcc option to produce PIC
configure:6849: result: -fPIC
configure:6857: checking if gcc PIC flag -fPIC works
configure:6875: gcc -c -g -O2  -fPIC -DPIC conftest.c >&5
configure:6879: $? = 0
configure:6892: result: yes
configure:6920: checking if gcc static flag -static works
configure:6948: result: yes
configure:6958: checking if gcc supports -c -o file.o
configure:6979: gcc -c -g -O2  -o out/conftest2.o conftest.c >&5
configure:6983: $? = 0
configure:7005: result: yes
configure:7031: checking whether the gcc linker (/usr/bin/ld) supports shared libraries
configure:7989: result: yes
configure:8010: checking whether -lc should be explicitly linked in
configure:8015: gcc -c -g -O2  conftest.c >&5
configure:8018: $? = 0
configure:8033: gcc -shared conftest.o  -v -Wl,-soname -Wl,conftest -o conftest 2\>\&1 \| grep  -lc  \>/dev/null 2\>\&1
configure:8036: $? = 0
configure:8048: result: no
configure:8056: checking dynamic linker characteristics
configure:8665: result: GNU/Linux ld.so
configure:8674: checking how to hardcode library paths into programs
configure:8699: result: immediate
configure:8713: checking whether stripping libraries is possible
configure:8718: result: yes
configure:9552: checking if libtool supports shared libraries
configure:9554: result: yes
configure:9557: checking whether to build shared libraries
configure:9578: result: yes
configure:9581: checking whether to build static libraries
configure:9585: result: no
configure:9677: creating libtool
configure:10265: checking for ld used by g++
configure:10332: result: /usr/bin/ld
configure:10341: checking if the linker (/usr/bin/ld) is GNU ld
configure:10356: result: yes
configure:10407: checking whether the g++ linker (/usr/bin/ld) supports shared libraries
configure:11345: result: yes
configure:11363: g++ -c -g -O2  conftest.cpp >&5
configure:11366: $? = 0
configure:11485: checking for g++ option to produce PIC
configure:11759: result: -fPIC
configure:11767: checking if g++ PIC flag -fPIC works
configure:11785: g++ -c -g -O2  -fPIC -DPIC conftest.cpp >&5
configure:11789: $? = 0
configure:11802: result: yes
configure:11830: checking if g++ static flag -static works
configure:11858: result: yes
configure:11868: checking if g++ supports -c -o file.o
configure:11889: g++ -c -g -O2  -o out/conftest2.o conftest.cpp >&5
configure:11893: $? = 0
configure:11915: result: yes
configure:11941: checking whether the g++ linker (/usr/bin/ld) supports shared libraries
configure:11966: result: yes
configure:12033: checking dynamic linker characteristics
configure:12642: result: GNU/Linux ld.so
configure:12651: checking how to hardcode library paths into programs
configure:12676: result: immediate
configure:13202: checking if libtool supports shared libraries
configure:13204: result: yes
configure:13207: checking whether to build shared libraries
configure:13227: result: yes
configure:13230: checking whether to build static libraries
configure:13234: result: no
configure:13244: checking for g77 option to produce PIC
configure:13454: result: -fPIC
configure:13462: checking if g77 PIC flag -fPIC works
configure:13480: g77 -c -g -O2 -fPIC conftest.f >&5
configure:13484: $? = 0
configure:13497: result: yes
configure:13525: checking if g77 static flag -static works
configure:13553: result: yes
configure:13563: checking if g77 supports -c -o file.o
configure:13584: g77 -c -g -O2 -o out/conftest2.o conftest.f >&5
configure:13588: $? = 0
configure:13610: result: yes
configure:13636: checking whether the g77 linker (/usr/bin/ld) supports shared libraries
configure:14574: result: yes
configure:14641: checking dynamic linker characteristics
configure:15250: result: GNU/Linux ld.so
configure:15259: checking how to hardcode library paths into programs
configure:15284: result: immediate
configure:18872: checking for flex
configure:18888: found /usr/bin/flex
configure:18898: result: flex
configure:18911: checking for yywrap in -lfl
configure:18941: gcc -o conftest -g -O2   conftest.c -lfl   >&5
configure:18947: $? = 0
configure:18951: test -z 
			 || test ! -s conftest.err
configure:18954: $? = 0
configure:18957: test -s conftest
configure:18960: $? = 0
configure:18973: result: yes
configure:19051: checking lex output file root
configure:19062: flex conftest.l
configure:19065: $? = 0
configure:19077: result: lex.yy
configure:19082: checking whether yytext is a pointer
configure:19098: gcc -o conftest -g -O2   conftest.c  -lfl >&5
configure:19104: $? = 0
configure:19108: test -z 
			 || test ! -s conftest.err
configure:19111: $? = 0
configure:19114: test -s conftest
configure:19117: $? = 0
configure:19131: result: yes
configure:19476: checking for xml2-config
configure:19494: found /usr/bin/xml2-config
configure:19507: result: /usr/bin/xml2-config
configure:19515: checking for libxml - version >= 2.0.0
configure:19622: gcc -o conftest -g -O2  -I/usr/include/libxml2  conftest.c -L/usr/lib -lxml2 -lz -lpthread -lm  >&5
configure:19625: $? = 0
configure:19627: ./conftest
configure:19630: $? = 0
configure:19649: result: yes (version 2.6.20)
configure:19754: checking for shutdown in -lc
configure:19784: gcc -o conftest -g -O2 -Wall -ansi -Wpointer-arith -Wwrite-strings    -Iyes/include -I/usr/include/libxml2       conftest.c -lc    -L/usr/lib -lxml2 -lz -lpthread -lm  -Lyes/lib -lpq >&5
configure:19790: $? = 0
configure:19794: test -z 
			 || test ! -s conftest.err
configure:19797: $? = 0
configure:19800: test -s conftest
configure:19803: $? = 0
configure:19816: result: yes
configure:19897: checking for inet_addr in -lc
configure:19927: gcc -o conftest -g -O2 -Wall -ansi -Wpointer-arith -Wwrite-strings    -Iyes/include -I/usr/include/libxml2       conftest.c -lc    -L/usr/lib -lxml2 -lz -lpthread -lm  -Lyes/lib -lpq >&5
configure:19933: $? = 0
configure:19937: test -z 
			 || test ! -s conftest.err
configure:19940: $? = 0
configure:19943: test -s conftest
configure:19946: $? = 0
configure:19959: result: yes
configure:20040: checking for nanosleep in -lc
configure:20070: gcc -o conftest -g -O2 -Wall -ansi -Wpointer-arith -Wwrite-strings    -Iyes/include -I/usr/include/libxml2       conftest.c -lc    -L/usr/lib -lxml2 -lz -lpthread -lm  -Lyes/lib -lpq >&5
configure:20076: $? = 0
configure:20080: test -z 
			 || test ! -s conftest.err
configure:20083: $? = 0
configure:20086: test -s conftest
configure:20089: $? = 0
configure:20102: result: yes
configure:20184: checking for ftime in -lcompat
configure:20214: gcc -o conftest -g -O2 -Wall -ansi -Wpointer-arith -Wwrite-strings    -Iyes/include -I/usr/include/libxml2       conftest.c -lcompat    -L/usr/lib -lxml2 -lz -lpthread -lm  -Lyes/lib -lpq >&5
/usr/bin/ld: cannot find -lcompat
collect2: ld returned 1 exit status
configure:20220: $? = 1
configure: failed program was:
| /* confdefs.h.  */
| 
| #define PACKAGE_NAME ""
| #define PACKAGE_TARNAME ""
| #define PACKAGE_VERSION ""
| #define PACKAGE_STRING ""
| #define PACKAGE_BUGREPORT ""
| #define PACKAGE "quickfix"
| #define VERSION "1.12.4"
| #ifdef __cplusplus
| extern "C" void std::exit (int) throw (); using std::exit;
| #endif
| #define STDC_HEADERS 1
| #define HAVE_SYS_TYPES_H 1
| #define HAVE_SYS_STAT_H 1
| #define HAVE_STDLIB_H 1
| #define HAVE_STRING_H 1
| #define HAVE_MEMORY_H 1
| #define HAVE_STRINGS_H 1
| #define HAVE_INTTYPES_H 1
| #define HAVE_STDINT_H 1
| #define HAVE_UNISTD_H 1
| #define HAVE_DLFCN_H 1
| #define YYTEXT_POINTER 1
| #define HAVE_POSTGRESQL 1
| /* end confdefs.h.  */
| 
| /* Override any gcc2 internal prototype to avoid an error.  */
| #ifdef __cplusplus
| extern "C"
| #endif
| /* We use char because int might match the return type of a gcc2
|    builtin and then its argument prototype would still apply.  */
| char ftime ();
| int
| main ()
| {
| ftime ();
|   ;
|   return 0;
| }
configure:20246: result: no
configure:20258: checking which threading environment to use
configure:20268: result: -lpthread
configure:20271: checking for pthread_create in -lpthread
configure:20301: gcc -o conftest -g -O2 -Wall -ansi -Wpointer-arith -Wwrite-strings    -Iyes/include -I/usr/include/libxml2       conftest.c -lpthread    -L/usr/lib -lxml2 -lz -lpthread -lm  -Lyes/lib -lpq >&5
configure:20307: $? = 0
configure:20311: test -z 
			 || test ! -s conftest.err
configure:20314: $? = 0
configure:20317: test -s conftest
configure:20320: $? = 0
configure:20333: result: yes
configure:20519: checking stdio.h usability
configure:20531: gcc -c -g -O2 -Wall -ansi -Wpointer-arith -Wwrite-strings    -Iyes/include -I/usr/include/libxml2      conftest.c >&5
configure:20537: $? = 0
configure:20541: test -z 
			 || test ! -s conftest.err
configure:20544: $? = 0
configure:20547: test -s conftest.o
configure:20550: $? = 0
configure:20560: result: yes
configure:20564: checking stdio.h presence
configure:20574: gcc -E  conftest.c
configure:20580: $? = 0
configure:20600: result: yes
configure:20635: checking for stdio.h
configure:20642: result: yes
configure:20668: checking for STREAMS ioctl
configure:20688: g++ -c -g -O2 -Wall -ansi -Wpointer-arith -Wwrite-strings    -Iyes/include -I/usr/include/libxml2      conftest.cc >&5
conftest.cc:31:24: error: sys/conf.h: No such file or directory
configure:20694: $? = 1
configure: failed program was:
| /* confdefs.h.  */
| 
| #define PACKAGE_NAME ""
| #define PACKAGE_TARNAME ""
| #define PACKAGE_VERSION ""
| #define PACKAGE_STRING ""
| #define PACKAGE_BUGREPORT ""
| #define PACKAGE "quickfix"
| #define VERSION "1.12.4"
| #ifdef __cplusplus
| extern "C" void std::exit (int) throw (); using std::exit;
| #endif
| #define STDC_HEADERS 1
| #define HAVE_SYS_TYPES_H 1
| #define HAVE_SYS_STAT_H 1
| #define HAVE_STDLIB_H 1
| #define HAVE_STRING_H 1
| #define HAVE_MEMORY_H 1
| #define HAVE_STRINGS_H 1
| #define HAVE_INTTYPES_H 1
| #define HAVE_STDINT_H 1
| #define HAVE_UNISTD_H 1
| #define HAVE_DLFCN_H 1
| #define YYTEXT_POINTER 1
| #define HAVE_POSTGRESQL 1
| #define HAVE_LIBPTHREAD 1
| #define HAVE_STDIO_H 1
| /* end confdefs.h.  */
| #include <sys/types.h>
| 	 #include <stropts.h>
| 	 #include <sys/conf.h>
| int
| main ()
| {
| ioctl(1,I_NREAD);
|   ;
|   return 0;
| }
configure:20720: result: no
configure:20725: checking for socklen_t
configure:20745: g++ -c -g -O2 -Wall -ansi -Wpointer-arith -Wwrite-strings    -Iyes/include -I/usr/include/libxml2      conftest.cc >&5
conftest.cc: In function 'int main()':
conftest.cc:35: warning: unused variable 't'
configure:20751: $? = 0
configure:20755: test -z 
			 || test ! -s conftest.err
configure:20758: $? = 0
configure:20761: test -s conftest.o
configure:20764: $? = 0
configure:20766: result: yes
configure:20790: checking for ftime
configure:20809: g++ -c -g -O2 -Wall -ansi -Wpointer-arith -Wwrite-strings    -Iyes/include -I/usr/include/libxml2      conftest.cc >&5
configure:20815: $? = 0
configure:20819: test -z 
			 || test ! -s conftest.err
configure:20822: $? = 0
configure:20825: test -s conftest.o
configure:20828: $? = 0
configure:20840: result: yes
configure:20861: checking for set_terminate in the global namespace
configure:20880: g++ -c -g -O2 -Wall -ansi -Wpointer-arith -Wwrite-strings    -Iyes/include -I/usr/include/libxml2      conftest.cc >&5
conftest.cc: In function 'int main()':
conftest.cc:35: error: 'set_terminate' was not declared in this scope
configure:20886: $? = 1
configure: failed program was:
| /* confdefs.h.  */
| 
| #define PACKAGE_NAME ""
| #define PACKAGE_TARNAME ""
| #define PACKAGE_VERSION ""
| #define PACKAGE_STRING ""
| #define PACKAGE_BUGREPORT ""
| #define PACKAGE "quickfix"
| #define VERSION "1.12.4"
| #ifdef __cplusplus
| extern "C" void std::exit (int) throw (); using std::exit;
| #endif
| #define STDC_HEADERS 1
| #define HAVE_SYS_TYPES_H 1
| #define HAVE_SYS_STAT_H 1
| #define HAVE_STDLIB_H 1
| #define HAVE_STRING_H 1
| #define HAVE_MEMORY_H 1
| #define HAVE_STRINGS_H 1
| #define HAVE_INTTYPES_H 1
| #define HAVE_STDINT_H 1
| #define HAVE_UNISTD_H 1
| #define HAVE_DLFCN_H 1
| #define YYTEXT_POINTER 1
| #define HAVE_POSTGRESQL 1
| #define HAVE_LIBPTHREAD 1
| #define HAVE_STDIO_H 1
| #define HAVE_FTIME 1
| /* end confdefs.h.  */
| #include <exception>
| 	 void term() {}
| int
| main ()
| {
| set_terminate(term);
|   ;
|   return 0;
| }
configure:20913: result: no
configure:20915: checking for set_terminate in the std namespace
configure:20934: g++ -c -g -O2 -Wall -ansi -Wpointer-arith -Wwrite-strings    -Iyes/include -I/usr/include/libxml2      conftest.cc >&5
configure:20940: $? = 0
configure:20944: test -z 
			 || test ! -s conftest.err
configure:20947: $? = 0
configure:20950: test -s conftest.o
configure:20953: $? = 0
configure:20955: result: yes
configure:20975: checking for typeinfo in the global namespace
configure:20993: g++ -c -g -O2 -Wall -ansi -Wpointer-arith -Wwrite-strings    -Iyes/include -I/usr/include/libxml2      conftest.cc >&5
conftest.cc: In function 'int main()':
conftest.cc:35: error: expected initializer before '&' token
configure:20999: $? = 1
configure: failed program was:
| /* confdefs.h.  */
| 
| #define PACKAGE_NAME ""
| #define PACKAGE_TARNAME ""
| #define PACKAGE_VERSION ""
| #define PACKAGE_STRING ""
| #define PACKAGE_BUGREPORT ""
| #define PACKAGE "quickfix"
| #define VERSION "1.12.4"
| #ifdef __cplusplus
| extern "C" void std::exit (int) throw (); using std::exit;
| #endif
| #define STDC_HEADERS 1
| #define HAVE_SYS_TYPES_H 1
| #define HAVE_SYS_STAT_H 1
| #define HAVE_STDLIB_H 1
| #define HAVE_STRING_H 1
| #define HAVE_MEMORY_H 1
| #define HAVE_STRINGS_H 1
| #define HAVE_INTTYPES_H 1
| #define HAVE_STDINT_H 1
| #define HAVE_UNISTD_H 1
| #define HAVE_DLFCN_H 1
| #define YYTEXT_POINTER 1
| #define HAVE_POSTGRESQL 1
| #define HAVE_LIBPTHREAD 1
| #define HAVE_STDIO_H 1
| #define HAVE_FTIME 1
| #define TERMINATE_IN_STD 1
| /* end confdefs.h.  */
| #include <typeinfo>
| int
| main ()
| {
| const typeinfo& ty = typeid(typeinfo);
|   ;
|   return 0;
| }
configure:21026: result: no
configure:21028: checking for typeinfo in the std namespace
configure:21046: g++ -c -g -O2 -Wall -ansi -Wpointer-arith -Wwrite-strings    -Iyes/include -I/usr/include/libxml2      conftest.cc >&5
conftest.cc: In function 'int main()':
conftest.cc:35: warning: unused variable 'ty'
configure:21052: $? = 0
configure:21056: test -z 
			 || test ! -s conftest.err
configure:21059: $? = 0
configure:21062: test -s conftest.o
configure:21065: $? = 0
configure:21067: result: yes
configure:21088: checking for gethostbyname_r with input result
configure:21112: g++ -c -g -O2 -Wall -ansi -Wpointer-arith -Wwrite-strings    -Iyes/include -I/usr/include/libxml2      conftest.cc >&5
configure:21118: $? = 0
configure:21122: test -z 
			 || test ! -s conftest.err
configure:21125: $? = 0
configure:21128: test -s conftest.o
configure:21131: $? = 0
configure:21133: result: yes
configure:21150: checking for boost::pool_allocator
configure:21169: g++ -c -g -O2 -Wall -ansi -Wpointer-arith -Wwrite-strings    -Iyes/include -I/usr/include/libxml2      conftest.cc >&5
conftest.cc:33:37: error: boost/pool/pool_alloc.hpp: No such file or directory
conftest.cc: In function 'int main()':
conftest.cc:38: error: 'boost' has not been declared
conftest.cc:38: error: 'pool_allocator' was not declared in this scope
conftest.cc:38: error: template argument 2 is invalid
conftest.cc:38: error: expected unqualified-id before '>' token
configure:21175: $? = 1
configure: failed program was:
| /* confdefs.h.  */
| 
| #define PACKAGE_NAME ""
| #define PACKAGE_TARNAME ""
| #define PACKAGE_VERSION ""
| #define PACKAGE_STRING ""
| #define PACKAGE_BUGREPORT ""
| #define PACKAGE "quickfix"
| #define VERSION "1.12.4"
| #ifdef __cplusplus
| extern "C" void std::exit (int) throw (); using std::exit;
| #endif
| #define STDC_HEADERS 1
| #define HAVE_SYS_TYPES_H 1
| #define HAVE_SYS_STAT_H 1
| #define HAVE_STDLIB_H 1
| #define HAVE_STRING_H 1
| #define HAVE_MEMORY_H 1
| #define HAVE_STRINGS_H 1
| #define HAVE_INTTYPES_H 1
| #define HAVE_STDINT_H 1
| #define HAVE_UNISTD_H 1
| #define HAVE_DLFCN_H 1
| #define YYTEXT_POINTER 1
| #define HAVE_POSTGRESQL 1
| #define HAVE_LIBPTHREAD 1
| #define HAVE_STDIO_H 1
| #define HAVE_FTIME 1
| #define TERMINATE_IN_STD 1
| #define TYPEINFO_IN_STD 1
| #define GETHOSTBYNAME_R_INPUTS_RESULT 1
| /* end confdefs.h.  */
| #include <boost/pool/pool_alloc.hpp>
| 	 #include<vector>
| int
| main ()
| {
| std::vector<int, boost::pool_allocator<int> > x;
|   ;
|   return 0;
| }
configure:21201: result: no
configure:21207: checking for boost::fast_pool_allocator
configure:21226: g++ -c -g -O2 -Wall -ansi -Wpointer-arith -Wwrite-strings    -Iyes/include -I/usr/include/libxml2      conftest.cc >&5
conftest.cc:33:37: error: boost/pool/pool_alloc.hpp: No such file or directory
conftest.cc: In function 'int main()':
conftest.cc:38: error: 'boost' has not been declared
conftest.cc:38: error: 'fast_pool_allocator' was not declared in this scope
conftest.cc:38: error: template argument 2 is invalid
conftest.cc:38: error: expected unqualified-id before '>' token
configure:21232: $? = 1
configure: failed program was:
| /* confdefs.h.  */
| 
| #define PACKAGE_NAME ""
| #define PACKAGE_TARNAME ""
| #define PACKAGE_VERSION ""
| #define PACKAGE_STRING ""
| #define PACKAGE_BUGREPORT ""
| #define PACKAGE "quickfix"
| #define VERSION "1.12.4"
| #ifdef __cplusplus
| extern "C" void std::exit (int) throw (); using std::exit;
| #endif
| #define STDC_HEADERS 1
| #define HAVE_SYS_TYPES_H 1
| #define HAVE_SYS_STAT_H 1
| #define HAVE_STDLIB_H 1
| #define HAVE_STRING_H 1
| #define HAVE_MEMORY_H 1
| #define HAVE_STRINGS_H 1
| #define HAVE_INTTYPES_H 1
| #define HAVE_STDINT_H 1
| #define HAVE_UNISTD_H 1
| #define HAVE_DLFCN_H 1
| #define YYTEXT_POINTER 1
| #define HAVE_POSTGRESQL 1
| #define HAVE_LIBPTHREAD 1
| #define HAVE_STDIO_H 1
| #define HAVE_FTIME 1
| #define TERMINATE_IN_STD 1
| #define TYPEINFO_IN_STD 1
| #define GETHOSTBYNAME_R_INPUTS_RESULT 1
| /* end confdefs.h.  */
| #include <boost/pool/pool_alloc.hpp>
| 	 #include<vector>
| int
| main ()
| {
| std::vector<int, boost::fast_pool_allocator<int> > x;
|   ;
|   return 0;
| }
configure:21258: result: no
configure:21264: checking __gnu_cxx::__pool_alloc
configure:21283: g++ -c -g -O2 -Wall -ansi -Wpointer-arith -Wwrite-strings    -Iyes/include -I/usr/include/libxml2      conftest.cc >&5
configure:21289: $? = 0
configure:21293: test -z 
			 || test ! -s conftest.err
configure:21296: $? = 0
configure:21299: test -s conftest.o
configure:21302: $? = 0
configure:21304: result: yes
configure:21321: checking __gnu_cxx::__mt_alloc
configure:21340: g++ -c -g -O2 -Wall -ansi -Wpointer-arith -Wwrite-strings    -Iyes/include -I/usr/include/libxml2      conftest.cc >&5
configure:21346: $? = 0
configure:21350: test -z 
			 || test ! -s conftest.err
configure:21353: $? = 0
configure:21356: test -s conftest.o
configure:21359: $? = 0
configure:21361: result: yes
configure:21378: checking __gnu_cxx::bitmap_allocator
configure:21397: g++ -c -g -O2 -Wall -ansi -Wpointer-arith -Wwrite-strings    -Iyes/include -I/usr/include/libxml2      conftest.cc >&5
configure:21403: $? = 0
configure:21407: test -z 
			 || test ! -s conftest.err
configure:21410: $? = 0
configure:21413: test -s conftest.o
configure:21416: $? = 0
configure:21418: result: yes
configure:21448: checking for cplus_demangle in -liberty
configure:21478: gcc -o conftest -g -O2 -Wall -ansi -Wpointer-arith -Wwrite-strings    -Iyes/include -I/usr/include/libxml2       conftest.c -liberty  -lpthread   -L/usr/lib -lxml2 -lz -lpthread -lm  -Lyes/lib -lpq >&5
configure:21484: $? = 0
configure:21488: test -z 
			 || test ! -s conftest.err
configure:21491: $? = 0
configure:21494: test -s conftest
configure:21497: $? = 0
configure:21510: result: yes
configure:21523: checking if select modifies timeval parameter
configure:21550: gcc -o conftest -g -O2 -Wall -ansi -Wpointer-arith -Wwrite-strings    -Iyes/include -I/usr/include/libxml2       conftest.c -lpthread   -L/usr/lib -lxml2 -lz -lpthread -lm  -Lyes/lib -lpq -liberty >&5
configure:21553: $? = 0
configure:21555: ./conftest
configure:21558: $? = 0
configure:21560: result: yes
configure:21724: creating ./config.status

## ---------------------- ##
## Running config.status. ##
## ---------------------- ##

This file was extended by config.status, which was
generated by GNU Autoconf 2.59.  Invocation command line was

  CONFIG_FILES    = 
  CONFIG_HEADERS  = 
  CONFIG_LINKS    = 
  CONFIG_COMMANDS = 
  $ ./config.status 

on fe02

config.status:796: creating quickfix.pc
config.status:796: creating Makefile
config.status:796: creating src/Makefile
config.status:796: creating src/C++/Makefile
config.status:796: creating src/C++/test/Makefile
config.status:796: creating src/java/Makefile
config.status:796: creating src/java/cfg/Makefile
config.status:796: creating src/java/src/Makefile
config.status:796: creating src/java/src/quickfix/Makefile
config.status:796: creating src/java/src/quickfix/field/Makefile
config.status:796: creating src/java/src/quickfix/fix40/Makefile
config.status:796: creating src/java/src/quickfix/fix41/Makefile
config.status:796: creating src/java/src/quickfix/fix42/Makefile
config.status:796: creating src/java/src/quickfix/fix43/Makefile
config.status:796: creating src/java/src/quickfix/fix44/Makefile
config.status:796: creating src/python/Makefile
config.status:796: creating src/ruby/Makefile
config.status:796: creating bin/Makefile
config.status:796: creating bin/cfg/Makefile
config.status:796: creating spec/Makefile
config.status:796: creating test/Makefile
config.status:796: creating test/atrun/Makefile
config.status:796: creating test/cfg/Makefile
config.status:796: creating test/definitions/Makefile
config.status:796: creating test/definitions/server/Makefile
config.status:796: creating test/definitions/server/future/Makefile
config.status:796: creating examples/Makefile
config.status:796: creating examples/executor/Makefile
config.status:796: creating examples/executor/C++/Makefile
config.status:796: creating examples/executor/java/Makefile
config.status:796: creating examples/executor/java/src/Makefile
config.status:796: creating examples/ordermatch/Makefile
config.status:796: creating examples/ordermatch/test/Makefile
config.status:796: creating examples/tradeclient/Makefile
config.status:796: creating examples/tradeclientgui/Makefile
config.status:796: creating examples/tradeclientgui/banzai/Makefile
config.status:796: creating examples/tradeclientgui/banzai/test/Makefile
config.status:796: creating examples/tradeclientgui/banzai/src/Makefile
config.status:796: creating examples/tradeclientgui/banzai/src/quickfix/Makefile
config.status:796: creating examples/tradeclientgui/banzai/src/quickfix/banzai/Makefile
config.status:796: creating examples/tradeclientgui/banzai/src/quickfix/banzai/ui/Makefile
config.status:796: creating doc/Makefile
config.status:796: creating doc/html/Makefile
config.status:796: creating CPPTest/Makefile
config.status:900: creating config.h
config.status:1216: executing depfiles commands

## ---------------- ##
## Cache variables. ##
## ---------------- ##

ac_cv_build=i686-redhat-linux-gnu
ac_cv_build_alias=i686-redhat-linux-gnu
ac_cv_c_compiler_gnu=yes
ac_cv_cxx_compiler_gnu=yes
ac_cv_env_CC_set=
ac_cv_env_CC_value=
ac_cv_env_CFLAGS_set=
ac_cv_env_CFLAGS_value=
ac_cv_env_CPPFLAGS_set=
ac_cv_env_CPPFLAGS_value=
ac_cv_env_CPP_set=
ac_cv_env_CPP_value=
ac_cv_env_CXXCPP_set=
ac_cv_env_CXXCPP_value=
ac_cv_env_CXXFLAGS_set=
ac_cv_env_CXXFLAGS_value=
ac_cv_env_CXX_set=
ac_cv_env_CXX_value=
ac_cv_env_F77_set=
ac_cv_env_F77_value=
ac_cv_env_FFLAGS_set=
ac_cv_env_FFLAGS_value=
ac_cv_env_LDFLAGS_set=
ac_cv_env_LDFLAGS_value=
ac_cv_env_build_alias_set=
ac_cv_env_build_alias_value=
ac_cv_env_host_alias_set=
ac_cv_env_host_alias_value=
ac_cv_env_target_alias_set=
ac_cv_env_target_alias_value=
ac_cv_exeext=
ac_cv_f77_compiler_gnu=yes
ac_cv_header_dlfcn_h=yes
ac_cv_header_inttypes_h=yes
ac_cv_header_memory_h=yes
ac_cv_header_stdc=yes
ac_cv_header_stdint_h=yes
ac_cv_header_stdio_h=yes
ac_cv_header_stdlib_h=yes
ac_cv_header_string_h=yes
ac_cv_header_strings_h=yes
ac_cv_header_sys_stat_h=yes
ac_cv_header_sys_types_h=yes
ac_cv_header_unistd_h=yes
ac_cv_host=i686-redhat-linux-gnu
ac_cv_host_alias=i686-redhat-linux-gnu
ac_cv_lib_c_inet_addr=yes
ac_cv_lib_c_nanosleep=yes
ac_cv_lib_c_shutdown=yes
ac_cv_lib_compat_ftime=no
ac_cv_lib_fl_yywrap=yes
ac_cv_lib_iberty_cplus_demangle=yes
ac_cv_lib_pthread_pthread_create=yes
ac_cv_objext=o
ac_cv_path_XML2_CONFIG=/usr/bin/xml2-config
ac_cv_path_install='/usr/bin/install -c'
ac_cv_prog_AWK=gawk
ac_cv_prog_CPP='gcc -E'
ac_cv_prog_CXXCPP='g++ -E'
ac_cv_prog_LEX=flex
ac_cv_prog_ac_ct_AR=ar
ac_cv_prog_ac_ct_CC=gcc
ac_cv_prog_ac_ct_CXX=g++
ac_cv_prog_ac_ct_F77=g77
ac_cv_prog_ac_ct_RANLIB=ranlib
ac_cv_prog_ac_ct_STRIP=strip
ac_cv_prog_cc_g=yes
ac_cv_prog_cc_stdc=
ac_cv_prog_cxx_g=yes
ac_cv_prog_egrep='grep -E'
ac_cv_prog_f77_g=yes
ac_cv_prog_lex_root=lex.yy
ac_cv_prog_lex_yytext_pointer=yes
ac_cv_prog_make_make_set=yes
am_cv_CC_dependencies_compiler_type=gcc3
am_cv_CXX_dependencies_compiler_type=gcc3
lt_cv_deplibs_check_method=pass_all
lt_cv_file_magic_cmd='$MAGIC_CMD'
lt_cv_file_magic_test_file=
lt_cv_ld_reload_flag=-r
lt_cv_objdir=.libs
lt_cv_path_LD=/usr/bin/ld
lt_cv_path_LDCXX=/usr/bin/ld
lt_cv_path_NM='/usr/bin/nm -B'
lt_cv_path_SED=/bin/sed
lt_cv_prog_compiler_c_o=yes
lt_cv_prog_compiler_c_o_CXX=yes
lt_cv_prog_compiler_c_o_F77=yes
lt_cv_prog_compiler_rtti_exceptions=no
lt_cv_prog_gnu_ld=yes
lt_cv_prog_gnu_ldcxx=yes
lt_cv_sys_global_symbol_pipe='sed -n -e '\''s/^.*[ 	]\([ABCDGIRSTW][ABCDGIRSTW]*\)[ 	][ 	]*\([_A-Za-z][_A-Za-z0-9]*\)$/\1 \2 \2/p'\'''
lt_cv_sys_global_symbol_to_c_name_address='sed -n -e '\''s/^: \([^ ]*\) $/  {\"\1\", (lt_ptr) 0},/p'\'' -e '\''s/^[BCDEGRST] \([^ ]*\) \([^ ]*\)$/  {"\2", (lt_ptr) \&\2},/p'\'''
lt_cv_sys_global_symbol_to_cdecl='sed -n -e '\''s/^. .* \(.*\)$/extern int \1;/p'\'''
lt_cv_sys_max_cmd_len=32768
lt_lt_cv_prog_compiler_c_o='"yes"'
lt_lt_cv_prog_compiler_c_o_CXX='"yes"'
lt_lt_cv_prog_compiler_c_o_F77='"yes"'
lt_lt_cv_sys_global_symbol_pipe='"sed -n -e '\''s/^.*[ 	]\\([ABCDGIRSTW][ABCDGIRSTW]*\\)[ 	][ 	]*\\([_A-Za-z][_A-Za-z0-9]*\\)\$/\\1 \\2 \\2/p'\''"'
lt_lt_cv_sys_global_symbol_to_c_name_address='"sed -n -e '\''s/^: \\([^ ]*\\) \$/  {\\\"\\1\\\", (lt_ptr) 0},/p'\'' -e '\''s/^[BCDEGRST] \\([^ ]*\\) \\([^ ]*\\)\$/  {\"\\2\", (lt_ptr) \\&\\2},/p'\''"'
lt_lt_cv_sys_global_symbol_to_cdecl='"sed -n -e '\''s/^. .* \\(.*\\)\$/extern int \\1;/p'\''"'

## ----------------- ##
## Output variables. ##
## ----------------- ##

ACLOCAL='${SHELL} /home/tradeplatform/quickfix/config/missing --run aclocal-1.9'
AMDEPBACKSLASH='\'
AMDEP_FALSE='#'
AMDEP_TRUE=''
AMTAR='${SHELL} /home/tradeplatform/quickfix/config/missing --run tar'
AR='ar'
AS='as'
AUTOCONF='${SHELL} /home/tradeplatform/quickfix/config/missing --run autoconf'
AUTOHEADER='${SHELL} /home/tradeplatform/quickfix/config/missing --run autoheader'
AUTOMAKE='${SHELL} /home/tradeplatform/quickfix/config/missing --run automake-1.9'
AWK='gawk'
BOOST_CFLAGS=''
BOOST_PREFIX=''
CC='gcc'
CCDEPMODE='depmode=gcc3'
CFLAGS='-g -O2 -Wall -ansi -Wpointer-arith -Wwrite-strings    -Iyes/include -I/usr/include/libxml2    '
CPP='gcc -E'
CPPFLAGS=''
CXX='g++'
CXXCPP='g++ -E'
CXXDEPMODE='depmode=gcc3'
CXXFLAGS='-g -O2 -Wall -ansi -Wpointer-arith -Wwrite-strings    -Iyes/include -I/usr/include/libxml2    '
CYGPATH_W='echo'
DEFS='-DHAVE_CONFIG_H'
DEPDIR='.deps'
DLLTOOL='dlltool'
ECHO='echo'
ECHO_C=''
ECHO_N='-n'
ECHO_T=''
EGREP='grep -E'
EXEEXT=''
F77='g77'
FFLAGS='-g -O2'
HAVE_FTIME_FALSE='#'
HAVE_FTIME_TRUE=''
HAVE_JAVA_FALSE=''
HAVE_JAVA_TRUE='#'
HAVE_PYTHON_FALSE=''
HAVE_PYTHON_TRUE='#'
HAVE_RUBY_FALSE=''
HAVE_RUBY_TRUE='#'
INSTALL_DATA='${INSTALL} -m 644'
INSTALL_PROGRAM='${INSTALL}'
INSTALL_SCRIPT='${INSTALL}'
INSTALL_STRIP_PROGRAM='${SHELL} $(install_sh) -c -s'
JAVA_CFLAGS=''
LDFLAGS=''
LEX='flex'
LEXLIB='-lfl'
LEX_OUTPUT_ROOT='lex.yy'
LIBOBJS=''
LIBS='-lpthread   -L/usr/lib -lxml2 -lz -lpthread -lm  -Lyes/lib -lpq -liberty'
LIBTOOL='$(SHELL) $(top_builddir)/libtool'
LN_S='ln -s'
LTLIBOBJS=''
MAKEINFO='${SHELL} /home/tradeplatform/quickfix/config/missing --run makeinfo'
MYSQL_CFLAGS=''
MYSQL_LIBS=''
MYSQL_PREFIX=''
OBJDUMP='objdump'
OBJEXT='o'
PACKAGE='quickfix'
PACKAGE_BUGREPORT=''
PACKAGE_NAME=''
PACKAGE_STRING=''
PACKAGE_TARNAME=''
PACKAGE_VERSION=''
PATH_SEPARATOR=':'
POSTGRESQL_CFLAGS='-Iyes/include'
POSTGRESQL_LIBS='-Lyes/lib -lpq'
POSTGRESQL_PREFIX='yes'
PYTHON_CFLAGS=''
PYTHON_PREFIX=''
PYTHON_SITE_PACKAGES=''
RANLIB='ranlib'
RUBY_CFLAGS=''
RUBY_PREFIX=''
RUBY_SITE_PACKAGES=''
SET_MAKE=''
SHELL='/bin/sh'
STLPORT_CFLAGS=''
STLPORT_LIBS=''
STLPORT_PREFIX=''
STRIP='strip'
VERSION='1.12.4'
XML2_CONFIG='/usr/bin/xml2-config'
XML_CPPFLAGS='-I/usr/include/libxml2'
XML_LIBS='-L/usr/lib -lxml2 -lz -lpthread -lm'
ac_ct_AR='ar'
ac_ct_AS=''
ac_ct_CC='gcc'
ac_ct_CXX='g++'
ac_ct_DLLTOOL=''
ac_ct_F77='g77'
ac_ct_OBJDUMP=''
ac_ct_RANLIB='ranlib'
ac_ct_STRIP='strip'
am__fastdepCC_FALSE='#'
am__fastdepCC_TRUE=''
am__fastdepCXX_FALSE='#'
am__fastdepCXX_TRUE=''
am__include='include'
am__leading_dot='.'
am__quote=''
am__tar='${AMTAR} chof - "$$tardir"'
am__untar='${AMTAR} xf -'
bindir='${exec_prefix}/bin'
build='i686-redhat-linux-gnu'
build_alias=''
build_cpu='i686'
build_os='linux-gnu'
build_vendor='redhat'
datadir='${prefix}/share'
exec_prefix='${prefix}'
host='i686-redhat-linux-gnu'
host_alias=''
host_cpu='i686'
host_os='linux-gnu'
host_vendor='redhat'
includedir='${prefix}/include'
infodir='${prefix}/info'
install_sh='/home/tradeplatform/quickfix/config/install-sh'
jarlib=''
libdir='${exec_prefix}/lib'
libexecdir='${exec_prefix}/libexec'
localstatedir='${prefix}/var'
mandir='${prefix}/man'
mkdir_p='mkdir -p --'
oldincludedir='/usr/include'
prefix='/usr/local'
program_transform_name='s,x,x,'
sbindir='${exec_prefix}/sbin'
sharedstatedir='${prefix}/com'
sysconfdir='${prefix}/etc'
target_alias=''

## ----------- ##
## confdefs.h. ##
## ----------- ##

#define GETHOSTBYNAME_R_INPUTS_RESULT 1
#define HAVE_BITMAP_ALLOCATOR 1
#define HAVE_CPLUS_DEMANGLE 1
#define HAVE_DLFCN_H 1
#define HAVE_FTIME 1
#define HAVE_INTTYPES_H 1
#define HAVE_LIBPTHREAD 1
#define HAVE_MEMORY_H 1
#define HAVE_MT_ALLOCATOR 1
#define HAVE_POOL_ALLOCATOR 1
#define HAVE_POSTGRESQL 1
#define HAVE_STDINT_H 1
#define HAVE_STDIO_H 1
#define HAVE_STDLIB_H 1
#define HAVE_STRINGS_H 1
#define HAVE_STRING_H 1
#define HAVE_SYS_STAT_H 1
#define HAVE_SYS_TYPES_H 1
#define HAVE_UNISTD_H 1
#define PACKAGE "quickfix"
#define PACKAGE_BUGREPORT ""
#define PACKAGE_NAME ""
#define PACKAGE_STRING ""
#define PACKAGE_TARNAME ""
#define PACKAGE_VERSION ""
#define SELECT_MODIFIES_TIMEVAL 1
#define STDC_HEADERS 1
#define TERMINATE_IN_STD 1
#define TYPEINFO_IN_STD 1
#define VERSION "1.12.4"
#define YYTEXT_POINTER 1
#define _REENTRANT 1
#endif
#ifdef __cplusplus
extern "C" void std::exit (int) throw (); using std::exit;

configure: exit 0
